c:\users\administrator\documents\visual studio 2015\projects\new-spider c++\new-spider c++\debug\new-spider c++.pch
c:\users\administrator\documents\visual studio 2015\projects\new-spider c++\new-spider c++\debug\vc140.pdb
c:\users\administrator\documents\visual studio 2015\projects\new-spider c++\new-spider c++\debug\vc140.idb
c:\users\administrator\documents\visual studio 2015\projects\new-spider c++\new-spider c++\debug\stdafx.obj
c:\users\administrator\documents\visual studio 2015\projects\new-spider c++\new-spider c++\debug\new-spider c++.obj
d:\mrjoew\git\c-test\new-spider\new-spider c++\debug\new-spider c++.pch
d:\mrjoew\git\c-test\new-spider\new-spider c++\debug\vc140.pdb
d:\mrjoew\git\c-test\new-spider\new-spider c++\debug\vc140.idb
d:\mrjoew\git\c-test\new-spider\new-spider c++\debug\stdafx.obj
d:\mrjoew\git\c-test\new-spider\new-spider c++\debug\new-spider c++.obj
d:\mrjoew\git\c-test\new-spider\new-spider c++\debug\test.obj
c:\users\administrator\documents\visual studio 2015\projects\new-spider c++\debug\new-spider c++.ilk
c:\users\administrator\documents\visual studio 2015\projects\new-spider c++\debug\new-spider c++.exe
c:\users\administrator\documents\visual studio 2015\projects\new-spider c++\debug\new-spider c++.pdb
d:\mrjoew\git\c-test\new-spider\debug\new-spider c++.ilk
d:\mrjoew\git\c-test\new-spider\debug\new-spider c++.exe
d:\mrjoew\git\c-test\new-spider\debug\new-spider c++.pdb
d:\mrjoew\git\c-test\new-spider\new-spider c++\debug\new-spider c++.tlog\cl.command.1.tlog
d:\mrjoew\git\c-test\new-spider\new-spider c++\debug\new-spider c++.tlog\cl.read.1.tlog
d:\mrjoew\git\c-test\new-spider\new-spider c++\debug\new-spider c++.tlog\cl.write.1.tlog
d:\mrjoew\git\c-test\new-spider\new-spider c++\debug\new-spider c++.tlog\link.command.1.tlog
d:\mrjoew\git\c-test\new-spider\new-spider c++\debug\new-spider c++.tlog\link.read.1.tlog
d:\mrjoew\git\c-test\new-spider\new-spider c++\debug\new-spider c++.tlog\link.write.1.tlog
